timestamp: 2019-05-05T13:51:31.925361
CREATE TABLE "auth_user"(
    "id" INTEGER PRIMARY KEY AUTOINCREMENT,
    "first_name" CHAR(128),
    "last_name" CHAR(128),
    "email" CHAR(512),
    "password" CHAR(512),
    "registration_key" CHAR(512),
    "reset_password_key" CHAR(512),
    "registration_id" CHAR(512)
);
success!
timestamp: 2019-05-05T13:51:31.933116
CREATE TABLE "auth_group"(
    "id" INTEGER PRIMARY KEY AUTOINCREMENT,
    "role" CHAR(512),
    "description" TEXT
);
success!
timestamp: 2019-05-05T13:51:31.944064
CREATE TABLE "auth_membership"(
    "id" INTEGER PRIMARY KEY AUTOINCREMENT,
    "user_id" INTEGER REFERENCES "auth_user" ("id") ON DELETE CASCADE  ,
    "group_id" INTEGER REFERENCES "auth_group" ("id") ON DELETE CASCADE  
);
success!
timestamp: 2019-05-05T13:51:31.954642
CREATE TABLE "auth_permission"(
    "id" INTEGER PRIMARY KEY AUTOINCREMENT,
    "group_id" INTEGER REFERENCES "auth_group" ("id") ON DELETE CASCADE  ,
    "name" CHAR(512),
    "table_name" CHAR(512),
    "record_id" INTEGER
);
success!
timestamp: 2019-05-05T13:51:31.966488
CREATE TABLE "auth_event"(
    "id" INTEGER PRIMARY KEY AUTOINCREMENT,
    "time_stamp" TIMESTAMP,
    "client_ip" CHAR(512),
    "user_id" INTEGER REFERENCES "auth_user" ("id") ON DELETE CASCADE  ,
    "origin" CHAR(512),
    "description" TEXT
);
success!
timestamp: 2019-05-05T13:51:31.979769
CREATE TABLE "auth_cas"(
    "id" INTEGER PRIMARY KEY AUTOINCREMENT,
    "user_id" INTEGER REFERENCES "auth_user" ("id") ON DELETE CASCADE  ,
    "created_on" TIMESTAMP,
    "service" CHAR(512),
    "ticket" CHAR(512),
    "renew" CHAR(1)
);
success!
timestamp: 2019-05-05T14:08:50.462360
CREATE TABLE "scheduler_task"(
    "id" INTEGER PRIMARY KEY AUTOINCREMENT,
    "application_name" CHAR(512),
    "task_name" CHAR(512),
    "group_name" CHAR(512),
    "status" CHAR(512),
    "broadcast" CHAR(1),
    "function_name" CHAR(512),
    "uuid" CHAR(255) UNIQUE,
    "args" TEXT,
    "vars" TEXT,
    "enabled" CHAR(1),
    "start_time" TIMESTAMP,
    "next_run_time" TIMESTAMP,
    "stop_time" TIMESTAMP,
    "repeats" INTEGER,
    "retry_failed" INTEGER,
    "period" INTEGER,
    "prevent_drift" CHAR(1),
    "cronline" CHAR(512),
    "timeout" INTEGER,
    "sync_output" INTEGER,
    "times_run" INTEGER,
    "times_failed" INTEGER,
    "last_run_time" TIMESTAMP,
    "assigned_worker_name" CHAR(512)
);
success!
timestamp: 2019-05-05T14:08:50.473249
CREATE TABLE "scheduler_run"(
    "id" INTEGER PRIMARY KEY AUTOINCREMENT,
    "task_id" INTEGER REFERENCES "scheduler_task" ("id") ON DELETE CASCADE  ,
    "status" CHAR(512),
    "start_time" TIMESTAMP,
    "stop_time" TIMESTAMP,
    "run_output" TEXT,
    "run_result" TEXT,
    "traceback" TEXT,
    "worker_name" CHAR(512)
);
success!
timestamp: 2019-05-05T14:08:50.487040
CREATE TABLE "scheduler_worker"(
    "id" INTEGER PRIMARY KEY AUTOINCREMENT,
    "worker_name" CHAR(255) UNIQUE,
    "first_heartbeat" TIMESTAMP,
    "last_heartbeat" TIMESTAMP,
    "status" CHAR(512),
    "is_ticker" CHAR(1),
    "group_names" TEXT,
    "worker_stats" TEXT
);
success!
timestamp: 2019-05-05T14:08:50.501146
CREATE TABLE "scheduler_task_deps"(
    "id" INTEGER PRIMARY KEY AUTOINCREMENT,
    "job_name" CHAR(512),
    "task_parent" INTEGER,
    "task_child" INTEGER REFERENCES "scheduler_task" ("id") ON DELETE CASCADE  ,
    "can_visit" CHAR(1)
);
success!
timestamp: 2019-05-07T22:23:38.696007
CREATE TABLE "campaign"(
    "id" INTEGER PRIMARY KEY AUTOINCREMENT,
    "name" CHAR(512)
);
success!
timestamp: 2019-05-07T22:35:28.431743
CREATE TABLE "campaign_metric"(
    "id" INTEGER PRIMARY KEY AUTOINCREMENT,
    "name" TEXT,
    "campaign_id" INTEGER REFERENCES "campaign" ("id") ON DELETE CASCADE  ,
    "metric" TEXT,
    "metric_value" INTEGER,
    "metric_time" TIMESTAMP
);
success!
timestamp: 2019-05-07T22:44:25.416874
CREATE TABLE "campaign_rule"(
    "id" INTEGER PRIMARY KEY AUTOINCREMENT,
    "name" CHAR(512),
    "campaign_id" INTEGER REFERENCES "campaign" ("id") ON DELETE CASCADE  ,
    "status" CHAR(512),
    "schedule_time" TIMESTAMP,
    "conditions" TEXT
);
success!
success!
timestamp: 2019-05-09T17:03:44.286000
ALTER TABLE "campaign" ADD "modified_by" INTEGER REFERENCES "auth_user" ("id") ON DELETE CASCADE  ;
timestamp: 2019-05-09T17:03:44.291587
ALTER TABLE "campaign" ADD "is_active" CHAR(1);
timestamp: 2019-05-09T17:03:44.294950
ALTER TABLE "campaign" ADD "created_by" INTEGER REFERENCES "auth_user" ("id") ON DELETE CASCADE  ;
timestamp: 2019-05-09T17:03:44.299978
ALTER TABLE "campaign" ADD "created_on" TIMESTAMP;
timestamp: 2019-05-09T17:03:44.303243
ALTER TABLE "campaign" ADD "modified_on" TIMESTAMP;
success!
timestamp: 2019-05-10T06:55:18.101631
ALTER TABLE "campaign_metric" ADD "impression" DOUBLE;
timestamp: 2019-05-10T06:55:18.110222
ALTER TABLE "campaign_metric" ADD "clicks" DOUBLE;
timestamp: 2019-05-10T06:55:18.116137
ALTER TABLE "campaign_metric" ADD "install" DOUBLE;
timestamp: 2019-05-10T06:55:18.121046
ALTER TABLE "campaign_metric" ADD "spend" DOUBLE;
success!
success!
success!
success!
success!
success!
success!
success!
success!
success!
success!
success!
success!
success!
success!
success!
success!
success!
success!
success!
success!
success!
success!
success!
success!
success!
success!
success!
success!
success!
success!
success!
success!
success!
success!
success!
success!
success!
success!
success!
success!
success!
success!
success!
success!
success!
success!
success!
success!
success!
success!
success!
success!
success!
success!
timestamp: 2019-05-10T20:48:28.735139
ALTER TABLE "campaign_rule" ADD "next_run_time" DATE;
success!
success!
success!
success!
success!
success!
success!
success!
success!
success!
success!
success!
success!
success!
success!
success!
success!
success!
success!
success!
success!
success!
success!
success!
success!
success!
success!
success!
success!
success!
success!
success!
success!
success!
success!
success!
success!
success!
success!
success!
success!
success!
success!
success!
success!
success!
success!
success!
success!
success!
success!
success!
success!
success!
success!
success!
success!
success!
success!
success!
success!
success!
success!
success!
success!
success!
success!
success!
success!
success!
success!
success!
success!
success!
success!
success!
success!
success!
success!
success!
success!
success!
success!
success!
success!
success!
success!
success!
success!
success!
success!
success!
success!
success!
success!
success!
success!
success!
success!
success!
success!
success!
success!
success!
success!
success!
success!
success!
success!
success!
success!
success!
success!
success!
success!
success!
success!
success!
success!
success!
success!
success!
success!
success!
success!
success!
success!
success!
success!
success!
success!
success!
success!
success!
success!
success!
success!
success!
success!
success!
success!
success!
success!
success!
success!
success!
success!
success!
success!
success!
success!
success!
success!
success!
success!
success!
success!
success!
success!
success!
success!
success!
success!
success!
success!
success!
success!
success!
success!
success!
success!
success!
success!
success!
success!
success!
success!
success!
success!
success!
success!
success!
success!
success!
success!
success!
success!
success!
success!
success!
success!
success!
success!
success!
success!
success!
success!
success!
success!
success!
success!
